__________________________________________________________________________

Wed Dec 11 13:58:33 MST 2013

Free Memory: 12810 kB
Total Memory: 20288 kB

4 Command Line Args:
0:  -f
1:  /tmp/316786.tmp/mergeModuleLax21.properties
2:  -l
3:  en

java.class.path:
    /tmp/316786.tmp/SubInstaller2.zip
    /tmp/install.dir.28688/InstallerData
    /tmp/install.dir.28688/InstallerData/installer.zip

ZGUtil.CLASS_PATH:
    /tmp/316786.tmp/SubInstaller2.zip
    /tmp/install.dir.28688/InstallerData
    /tmp/install.dir.28688/InstallerData/installer.zip

sun.boot.class.path:
    /tmp/install.dir.28688/Linux/resource/jre/lib/rt.jar
    /tmp/install.dir.28688/Linux/resource/jre/lib/i18n.jar
    /tmp/install.dir.28688/Linux/resource/jre/lib/sunrsasign.jar
    /tmp/install.dir.28688/Linux/resource/jre/lib/jsse.jar
    /tmp/install.dir.28688/Linux/resource/jre/lib/jce.jar
    /tmp/install.dir.28688/Linux/resource/jre/lib/charsets.jar
    /tmp/install.dir.28688/Linux/resource/jre/classes

java.ext.dirs:
    /tmp/install.dir.28688/Linux/resource/jre/lib/ext

java.version                  == 1.5.0_09 (Java 2+)
java.vm.name                  == Java HotSpot(TM) Server VM
java.vm.vendor                == Sun Microsystems Inc.
java.vm.version               == 1.5.0_09-b03
java.vm.specification.name    == Java Virtual Machine Specification
java.vm.specification.vendor  == Sun Microsystems Inc.
java.vm.specification.version == 1.0
java.specification.name       == Java Platform API Specification
java.specification.vendor     == Sun Microsystems Inc.
java.specification.version    == 1.5
java.vendor                   == Sun Microsystems Inc.
java.vendor.url               == http://java.sun.com/
java.class.version            == 49.0
java.compiler                 == null
java.home                     == /tmp/install.dir.28688/Linux/resource/jre
java.io.tmpdir                == /tmp
os.name                       == Linux
os.arch                       == i386
os.version                    == 3.8.0-34-generic
path.separator                == :
file.separator                == /
file.encoding                 == UTF-8
user.name                     == chaol
user.home                     == /home/chaol
user.dir                      == /tmp/316786.tmp
user.language                 == en
user.region                   == null
__________________________________________________________________________

Install Begin: Wed Dec 11 13:58:29 MST 2013
Install End: Wed Dec 11 13:58:32 MST 2013

Installed by InstallAnywhere 9.0 Enterprise Build 3428, by Macrovision


User Interactions
-----------------


Summary
-------

Installation: Successful.

20 Successes
0 Warnings
0 NonFatalErrors
0 FatalErrors

Action Notes:

None

Install Log Detail:

Install Action:           InstallAnywhere Variable
                          Status: SUCCESSFUL

Install Action:           InstallAnywhere Variable
                          Status: SUCCESSFUL

Install Action:           InstallAnywhere Variable
                          Status: SUCCESSFUL

Check Disk Space:         /home/chaol/CodeSourcery/Sourcery_G++_Lite
                          Status: SUCCESSFUL
                          Additional Notes: NOTE - Required Disk Space: 93,701,192; Free Disk Space: 77,332,545,536

Install Directory:        /home/chaol/CodeSourcery/Sourcery_G++_Lite/jre
                          Status: SUCCESSFUL

Install JRE:              /home/chaol/CodeSourcery/Sourcery_G++_Lite/jre
                          Status: SUCCESSFUL

Install Directory:        /home/chaol/CodeSourcery/Sourcery_G++_Lite/
                          Status: SUCCESSFUL
                          Additional Notes: NOTE - Directory already existed

Install Directory:        /home/chaol/CodeSourcery/Sourcery_G++_Lite/uninstall/
                          Status: SUCCESSFUL
                          Additional Notes: NOTE - Directory already existed

Install Directory:        /home/chaol/CodeSourcery/Sourcery_G++_Lite/uninstall/Uninstall_Sourcery_Gxx_JVM/
                          Status: SUCCESSFUL

Install Uninstaller:      Sourcery G++ JVM (Install All Uninstaller Components)
                          Status: SUCCESSFUL


Install File:             /home/chaol/CodeSourcery/Sourcery_G++_Lite/uninstall/Uninstall_Sourcery_Gxx_JVM/Uninstall_Sourcery_Gxx_JVM.lax
                          Status: SUCCESSFUL

Install Uninstaller:      Sourcery G++ JVM (Install All Uninstaller Components)
                          Status: SUCCESSFUL

Install Directory:        /home/chaol/CodeSourcery/Sourcery_G++_Lite/uninstall/
                          Status: SUCCESSFUL
                          Additional Notes: NOTE - Directory already existed

Install Directory:        /home/chaol/CodeSourcery/Sourcery_G++_Lite/uninstall/features/
                          Status: SUCCESSFUL
                          Additional Notes: NOTE - Directory already existed

Install File:             /home/chaol/CodeSourcery/Sourcery_G++_Lite/uninstall/features/JVM.key
                          Status: SUCCESSFUL

Install Directory:        /home/chaol/CodeSourcery/Sourcery_G++_Lite/uninstall/
                          Status: SUCCESSFUL
                          Additional Notes: NOTE - Directory already existed

Install File:             /home/chaol/CodeSourcery/Sourcery_G++_Lite/uninstall/create-links-iamm-jvm_files-arm-2010q1-202-arm-none-linux-gnueabi
                          Status: SUCCESSFUL

Install File:             /home/chaol/CodeSourcery/Sourcery_G++_Lite/uninstall/remove-links-iamm-jvm_files-arm-2010q1-202-arm-none-linux-gnueabi
                          Status: SUCCESSFUL


